   
==============
07/28/15 16-51
==============
Started automation from git commit head (befbed5a89dc2b259c89b69e655622bb1a9d6585):
Split './Content/Art/Cities/Capitol/layer1.png' and moved tiles to ./WorldBank-RBF/Assets/Textures/Cities/Capitol
Split './Content/Art/Cities/Capitol/layer2.png' and moved tiles to ./WorldBank-RBF/Assets/Textures/Cities/Capitol
Split './Content/Art/Cities/Capitol/layer3.png' and moved tiles to ./WorldBank-RBF/Assets/Textures/Cities/Capitol
Split './Content/Art/Cities/Capitol/layer4.png' and moved tiles to ./WorldBank-RBF/Assets/Textures/Cities/Capitol
Split './Content/Art/Cities/Capitol/layer5.png' and moved tiles to ./WorldBank-RBF/Assets/Textures/Cities/Capitol
Split './Content/Art/Cities/Crup/layer1.png' and moved tiles to ./WorldBank-RBF/Assets/Textures/Cities/Crup
Split './Content/Art/Cities/Crup/layer2.png' and moved tiles to ./WorldBank-RBF/Assets/Textures/Cities/Crup
Split './Content/Art/Cities/Crup/layer3.png' and moved tiles to ./WorldBank-RBF/Assets/Textures/Cities/Crup
Split './Content/Art/Cities/Crup/layer4.png' and moved tiles to ./WorldBank-RBF/Assets/Textures/Cities/Crup
Split './Content/Art/Cities/Crup/layer5.png' and moved tiles to ./WorldBank-RBF/Assets/Textures/Cities/Crup
Split './Content/Art/Cities/Kibari/layer1.png' and moved tiles to ./WorldBank-RBF/Assets/Textures/Cities/Kibari
Split './Content/Art/Cities/Kibari/layer2.png' and moved tiles to ./WorldBank-RBF/Assets/Textures/Cities/Kibari
Split './Content/Art/Cities/Kibari/layer3.png' and moved tiles to ./WorldBank-RBF/Assets/Textures/Cities/Kibari
Split './Content/Art/Cities/Kibari/layer4.png' and moved tiles to ./WorldBank-RBF/Assets/Textures/Cities/Kibari
Split './Content/Art/Cities/Malcom/layer1.png' and moved tiles to ./WorldBank-RBF/Assets/Textures/Cities/Malcom
Split './Content/Art/Cities/Malcom/layer2.png' and moved tiles to ./WorldBank-RBF/Assets/Textures/Cities/Malcom
Split './Content/Art/Cities/Malcom/layer3.png' and moved tiles to ./WorldBank-RBF/Assets/Textures/Cities/Malcom
Split './Content/Art/Cities/Malcom/layer4.png' and moved tiles to ./WorldBank-RBF/Assets/Textures/Cities/Malcom
Split './Content/Art/Cities/Malcom/layer5.png' and moved tiles to ./WorldBank-RBF/Assets/Textures/Cities/Malcom
Split './Content/Art/Cities/Mile/layer1.png' and moved tiles to ./WorldBank-RBF/Assets/Textures/Cities/Mile
Split './Content/Art/Cities/Mile/layer2.png' and moved tiles to ./WorldBank-RBF/Assets/Textures/Cities/Mile
Split './Content/Art/Cities/Mile/layer3.png' and moved tiles to ./WorldBank-RBF/Assets/Textures/Cities/Mile
Split './Content/Art/Cities/Mile/layer4.png' and moved tiles to ./WorldBank-RBF/Assets/Textures/Cities/Mile
Split './Content/Art/Cities/Mile/layer5.png' and moved tiles to ./WorldBank-RBF/Assets/Textures/Cities/Mile
Split './Content/Art/Cities/Valeria/layer1.png' and moved tiles to ./WorldBank-RBF/Assets/Textures/Cities/Valeria
Split './Content/Art/Cities/Valeria/layer2.png' and moved tiles to ./WorldBank-RBF/Assets/Textures/Cities/Valeria
Split './Content/Art/Cities/Valeria/layer3.png' and moved tiles to ./WorldBank-RBF/Assets/Textures/Cities/Valeria
Split './Content/Art/Cities/Valeria/layer4.png' and moved tiles to ./WorldBank-RBF/Assets/Textures/Cities/Valeria
Split './Content/Art/Cities/Valeria/layer5.png' and moved tiles to ./WorldBank-RBF/Assets/Textures/Cities/Valeria
Moved ./Content/Art/Cities/Valeria/valeria to ./WorldBank-RBF/Assets/Textures/Cities/Valeria/valeria.png
Moved reference to ./WorldBank-RBF/Assets/Textures./reference.png
Moved extra.png to ./WorldBank-RBF/Assets/Textures./extra.png
Split './Content/Art/Cities/Zima/layer1.png' and moved tiles to ./WorldBank-RBF/Assets/Textures/Cities/Zima
Split './Content/Art/Cities/Zima/layer2.png' and moved tiles to ./WorldBank-RBF/Assets/Textures/Cities/Zima
Split './Content/Art/Cities/Zima/layer3.png' and moved tiles to ./WorldBank-RBF/Assets/Textures/Cities/Zima
Split './Content/Art/Cities/Zima/layer4.png' and moved tiles to ./WorldBank-RBF/Assets/Textures/Cities/Zima
Split './Content/Art/Cities/Zima/layer5.png' and moved tiles to ./WorldBank-RBF/Assets/Textures/Cities/Zima
Moved ./Content/Art/Icons/Phase to ./WorldBank-RBF/Assets/Textures/Icons/Phase.png
Moved 1/dialogue_unlock_notification.png to ./WorldBank-RBF/Assets/Textures1/dialogue_unlock_notification.png
Moved ./Content/Art/Icons/Phase to ./WorldBank-RBF/Assets/Textures/Icons/Phase.png
Moved 1/icon_days_left.png to ./WorldBank-RBF/Assets/Textures1/icon_days_left.png
Moved ./Content/Art/Icons/Phase to ./WorldBank-RBF/Assets/Textures/Icons/Phase.png
Moved 1/icon_days_left_raw_icon.png to ./WorldBank-RBF/Assets/Textures1/icon_days_left_raw_icon.png
Moved ./Content/Art/Icons/Phase to ./WorldBank-RBF/Assets/Textures/Icons/Phase.png
Moved 1/icon_map.png to ./WorldBank-RBF/Assets/Textures1/icon_map.png
Moved ./Content/Art/Icons/Phase to ./WorldBank-RBF/Assets/Textures/Icons/Phase.png
Moved 1/icon_map_raw_icon.png to ./WorldBank-RBF/Assets/Textures1/icon_map_raw_icon.png
Moved ./Content/Art/Icons/Phase to ./WorldBank-RBF/Assets/Textures/Icons/Phase.png
Moved 1/icon_time_in_city.png to ./WorldBank-RBF/Assets/Textures1/icon_time_in_city.png
Moved ./Content/Art/Icons/Phase to ./WorldBank-RBF/Assets/Textures/Icons/Phase.png
Moved 1/plan_paper_texture.png to ./WorldBank-RBF/Assets/Textures1/plan_paper_texture.png
Moved ./Content/Art/Icons/Phase to ./WorldBank-RBF/Assets/Textures/Icons/Phase.png
Moved 1/results_screen_table.png to ./WorldBank-RBF/Assets/Textures1/results_screen_table.png
Moved ./Content/Art/Icons/Phase to ./WorldBank-RBF/Assets/Textures/Icons/Phase.png
Moved 1/Unlock_notification.png to ./WorldBank-RBF/Assets/Textures1/Unlock_notification.png
Moved ./Content/Art/Icons/Phase to ./WorldBank-RBF/Assets/Textures/Icons/Phase.png
Moved 2/Computer to ./WorldBank-RBF/Assets/Textures2/Computer.png
Moved Assets/contact_person_icon.png to ./WorldBank-RBF/Assets/TexturesAssets/contact_person_icon.png
Moved ./Content/Art/Icons/Phase to ./WorldBank-RBF/Assets/Textures/Icons/Phase.png
Moved 2/Computer to ./WorldBank-RBF/Assets/Textures2/Computer.png
Moved Assets/indicators_icon.png to ./WorldBank-RBF/Assets/TexturesAssets/indicators_icon.png
Moved ./Content/Art/Icons/Phase to ./WorldBank-RBF/Assets/Textures/Icons/Phase.png
Moved 2/Computer to ./WorldBank-RBF/Assets/Textures2/Computer.png
Moved Assets/Initial_dialogue_bubble_tail.png to ./WorldBank-RBF/Assets/TexturesAssets/Initial_dialogue_bubble_tail.png
Moved ./Content/Art/Icons/Phase to ./WorldBank-RBF/Assets/Textures/Icons/Phase.png
Moved 2/Computer to ./WorldBank-RBF/Assets/Textures2/Computer.png
Moved Assets/problem_question_container.png to ./WorldBank-RBF/Assets/TexturesAssets/problem_question_container.png
Moved ./Content/Art/Icons/Phase to ./WorldBank-RBF/Assets/Textures/Icons/Phase.png
Moved 2/Computer to ./WorldBank-RBF/Assets/Textures2/Computer.png
Moved Assets/Response_dialogue_bubble_tail.png to ./WorldBank-RBF/Assets/TexturesAssets/Response_dialogue_bubble_tail.png
Moved ./Content/Art/Icons/Phase to ./WorldBank-RBF/Assets/Textures/Icons/Phase.png
Moved 2/Computer to ./WorldBank-RBF/Assets/Textures2/Computer.png
Moved Assets/supervisor_notification.png to ./WorldBank-RBF/Assets/TexturesAssets/supervisor_notification.png
Moved ./Content/Art/Icons/Phase to ./WorldBank-RBF/Assets/Textures/Icons/Phase.png
Moved 2/indicator_quality_of_care.png to ./WorldBank-RBF/Assets/Textures2/indicator_quality_of_care.png
Moved ./Content/Art/Icons/Phase to ./WorldBank-RBF/Assets/Textures/Icons/Phase.png
Moved 2/indicator_vaccines to ./WorldBank-RBF/Assets/Textures2/indicator_vaccines.png
Moved .png to ./WorldBank-RBF/Assets/Textures./.png
Moved ./Content/Art/Icons/Phase to ./WorldBank-RBF/Assets/Textures/Icons/Phase.png
Moved 2/indicators_facility_births.png to ./WorldBank-RBF/Assets/Textures2/indicators_facility_births.png
Moved ./Content/Art/Map/background_map.png to ./WorldBank-RBF/Assets/Textures/Map/background_map.png
Moved ./Content/Art/Map/City_Text/text_capitol_city.png to ./WorldBank-RBF/Assets/Textures/Map/City_Text/text_capitol_city.png
Moved ./Content/Art/Map/City_Text/text_crup.png to ./WorldBank-RBF/Assets/Textures/Map/City_Text/text_crup.png
Moved ./Content/Art/Map/City_Text/text_kibari.png to ./WorldBank-RBF/Assets/Textures/Map/City_Text/text_kibari.png
Moved ./Content/Art/Map/City_Text/text_malcom.png to ./WorldBank-RBF/Assets/Textures/Map/City_Text/text_malcom.png
Moved ./Content/Art/Map/City_Text/text_mile.png to ./WorldBank-RBF/Assets/Textures/Map/City_Text/text_mile.png
Moved ./Content/Art/Map/City_Text/text_valeria.png to ./WorldBank-RBF/Assets/Textures/Map/City_Text/text_valeria.png
Moved ./Content/Art/Map/City_Text/text_zima.png to ./WorldBank-RBF/Assets/Textures/Map/City_Text/text_zima.png
Moved ./Content/Art/Map/References/map_routes_reference.png to ./WorldBank-RBF/Assets/Textures/Map/References/map_routes_reference.png
Moved ./Content/Art/Map/References/map_text_reference.png to ./WorldBank-RBF/Assets/Textures/Map/References/map_text_reference.png
Moved ./Content/Art/Map/Routes/airship_route.png to ./WorldBank-RBF/Assets/Textures/Map/Routes/airship_route.png
Moved ./Content/Art/Map/Routes/malcom_to_capitol.png to ./WorldBank-RBF/Assets/Textures/Map/Routes/malcom_to_capitol.png
Moved ./Content/Art/Map/Routes/malcom_to_mile.png to ./WorldBank-RBF/Assets/Textures/Map/Routes/malcom_to_mile.png
Moved ./Content/Art/Map/Routes/malcom_to_valeria.png to ./WorldBank-RBF/Assets/Textures/Map/Routes/malcom_to_valeria.png
Moved ./Content/Art/Map/Routes/mile_to_zima.png to ./WorldBank-RBF/Assets/Textures/Map/Routes/mile_to_zima.png
Moved ./Content/Art/Portraits/Crup_Portraits/dr_maramuta_crup_portrait.png to ./WorldBank-RBF/Assets/Textures/Portraits/Crup_Portraits/dr_maramuta_crup_portrait.png
Moved ./Content/Art/Portraits/Crup_Portraits/mech_farmer_crup_portrait.png to ./WorldBank-RBF/Assets/Textures/Portraits/Crup_Portraits/mech_farmer_crup_portrait.png
Moved ./Content/Art/Portraits/Crup_Portraits/old_men_gaming_crup_portrait.png to ./WorldBank-RBF/Assets/Textures/Portraits/Crup_Portraits/old_men_gaming_crup_portrait.png
Moved ./Content/Art/Portraits/Crup_Portraits/patient_crup_portrait.png to ./WorldBank-RBF/Assets/Textures/Portraits/Crup_Portraits/patient_crup_portrait.png
Moved ./Content/Art/Portraits/Crup_Portraits/plantation_owner_crup_portrait.png to ./WorldBank-RBF/Assets/Textures/Portraits/Crup_Portraits/plantation_owner_crup_portrait.png
Moved ./Content/Art/Portraits/Kibari_Portraits/herder_kibari_portrait.png to ./WorldBank-RBF/Assets/Textures/Portraits/Kibari_Portraits/herder_kibari_portrait.png
Moved ./Content/Art/Portraits/Kibari_Portraits/mr_todd_kibari_portrait.png to ./WorldBank-RBF/Assets/Textures/Portraits/Kibari_Portraits/mr_todd_kibari_portrait.png
Moved ./Content/Art/Portraits/Kibari_Portraits/nomad_kibari_portrait.png to ./WorldBank-RBF/Assets/Textures/Portraits/Kibari_Portraits/nomad_kibari_portrait.png
Moved ./Content/Art/Portraits/Kibari_Portraits/teenager_kibari_portrait.png to ./WorldBank-RBF/Assets/Textures/Portraits/Kibari_Portraits/teenager_kibari_portrait.png
Moved ./Content/Art/Portraits/Kibari_Portraits/traveling_merchant_portrait.png to ./WorldBank-RBF/Assets/Textures/Portraits/Kibari_Portraits/traveling_merchant_portrait.png
Moved ./Content/Art/Portraits/Malcom_Portraits/capitol_city_professor_malcom_portrait.png to ./WorldBank-RBF/Assets/Textures/Portraits/Malcom_Portraits/capitol_city_professor_malcom_portrait.png
Moved ./Content/Art/Portraits/Malcom_Portraits/capitol_city_traveler_malcom_portrait.png to ./WorldBank-RBF/Assets/Textures/Portraits/Malcom_Portraits/capitol_city_traveler_malcom_portrait.png
Moved ./Content/Art/Portraits/Malcom_Portraits/fruit_vendor_malcom_portrait.png to ./WorldBank-RBF/Assets/Textures/Portraits/Malcom_Portraits/fruit_vendor_malcom_portrait.png
Moved ./Content/Art/Portraits/Malcom_Portraits/medicine_merchant_malcom_portrait.png to ./WorldBank-RBF/Assets/Textures/Portraits/Malcom_Portraits/medicine_merchant_malcom_portrait.png
Moved ./Content/Art/Portraits/Malcom_Portraits/two_women_malcom_portrait.png to ./WorldBank-RBF/Assets/Textures/Portraits/Malcom_Portraits/two_women_malcom_portrait.png
Moved ./Content/Art/Portraits/Mile_Portraits/farm_worker_mile_portrait.png to ./WorldBank-RBF/Assets/Textures/Portraits/Mile_Portraits/farm_worker_mile_portrait.png
Moved ./Content/Art/Portraits/Mile_Portraits/midwife_mile_portrait.png to ./WorldBank-RBF/Assets/Textures/Portraits/Mile_Portraits/midwife_mile_portrait.png
Moved ./Content/Art/Portraits/Mile_Portraits/nomad_mile_portrait.png to ./WorldBank-RBF/Assets/Textures/Portraits/Mile_Portraits/nomad_mile_portrait.png
Moved ./Content/Art/Portraits/Mile_Portraits/settled_refugee_mile.png to ./WorldBank-RBF/Assets/Textures/Portraits/Mile_Portraits/settled_refugee_mile.png
Moved ./Content/Art/Portraits/Phase to ./WorldBank-RBF/Assets/Textures/Portraits/Phase.png
Moved Two/Clinical_Specialist_Portrait.png to ./WorldBank-RBF/Assets/TexturesTwo/Clinical_Specialist_Portrait.png
Moved ./Content/Art/Portraits/Phase to ./WorldBank-RBF/Assets/Textures/Portraits/Phase.png
Moved Two/Coach_Portrait.png to ./WorldBank-RBF/Assets/TexturesTwo/Coach_Portrait.png
Moved ./Content/Art/Portraits/Phase to ./WorldBank-RBF/Assets/Textures/Portraits/Phase.png
Moved Two/Community_Verifier_Portrait.png to ./WorldBank-RBF/Assets/TexturesTwo/Community_Verifier_Portrait.png
Moved ./Content/Art/Portraits/Phase to ./WorldBank-RBF/Assets/Textures/Portraits/Phase.png
Moved Two/Dep_Health_Minister_Portrait.png to ./WorldBank-RBF/Assets/TexturesTwo/Dep_Health_Minister_Portrait.png
Moved ./Content/Art/Portraits/Phase to ./WorldBank-RBF/Assets/Textures/Portraits/Phase.png
Moved Two/Hospital_Admin_Portrait.png to ./WorldBank-RBF/Assets/TexturesTwo/Hospital_Admin_Portrait.png
Moved ./Content/Art/Portraits/Phase to ./WorldBank-RBF/Assets/Textures/Portraits/Phase.png
Moved Two/NGO_Manager_Portrait.png to ./WorldBank-RBF/Assets/TexturesTwo/NGO_Manager_Portrait.png
Moved ./Content/Art/Portraits/Phase to ./WorldBank-RBF/Assets/Textures/Portraits/Phase.png
Moved Two/Regional_Health_Supervisor_Portrait.png to ./WorldBank-RBF/Assets/TexturesTwo/Regional_Health_Supervisor_Portrait.png
Moved ./Content/Art/Portraits/Phase to ./WorldBank-RBF/Assets/Textures/Portraits/Phase.png
Moved Two/Third_Party_Verifier_Portrait.png to ./WorldBank-RBF/Assets/TexturesTwo/Third_Party_Verifier_Portrait.png
Moved ./Content/Art/Portraits/Phase to ./WorldBank-RBF/Assets/Textures/Portraits/Phase.png
Moved Two/Traditional_Health_Practioner_Portrait.png to ./WorldBank-RBF/Assets/TexturesTwo/Traditional_Health_Practioner_Portrait.png
Moved ./Content/Art/Portraits/Valeria_Portraits/grandmother_with_toddler_valeria_portrait.png to ./WorldBank-RBF/Assets/Textures/Portraits/Valeria_Portraits/grandmother_with_toddler_valeria_portrait.png
Moved ./Content/Art/Portraits/Valeria_Portraits/lydia_airship_pilot_valeria_portrait.png to ./WorldBank-RBF/Assets/Textures/Portraits/Valeria_Portraits/lydia_airship_pilot_valeria_portrait.png
Moved ./Content/Art/Portraits/Valeria_Portraits/nomad_valeria_portrait.png to ./WorldBank-RBF/Assets/Textures/Portraits/Valeria_Portraits/nomad_valeria_portrait.png
Moved ./Content/Art/Portraits/Valeria_Portraits/spoiled_twins_valeria_portrait.png to ./WorldBank-RBF/Assets/Textures/Portraits/Valeria_Portraits/spoiled_twins_valeria_portrait.png
Moved ./Content/Art/Portraits/Zima_Portraits/dr_nortega_portrait.png to ./WorldBank-RBF/Assets/Textures/Portraits/Zima_Portraits/dr_nortega_portrait.png
Moved ./Content/Art/Portraits/Zima_Portraits/foreign_traveler_zima_portrait.png to ./WorldBank-RBF/Assets/Textures/Portraits/Zima_Portraits/foreign_traveler_zima_portrait.png
Moved ./Content/Art/Portraits/Zima_Portraits/hospital_administrator_zima_portrait.png to ./WorldBank-RBF/Assets/Textures/Portraits/Zima_Portraits/hospital_administrator_zima_portrait.png
Moved ./Content/Art/Portraits/Zima_Portraits/nurse_zima_portrait.png to ./WorldBank-RBF/Assets/Textures/Portraits/Zima_Portraits/nurse_zima_portrait.png
DONE
\\==============
